[debug] [2023-11-20T17:56:47.069Z] ----------------------------------------------------------------------
[debug] [2023-11-20T17:56:47.080Z] Command:       /home/lsendoya/.nvm/versions/node/v20.9.0/bin/node /home/lsendoya/.nvm/versions/node/v20.9.0/bin/firebase init
[debug] [2023-11-20T17:56:47.080Z] CLI Version:   12.9.1
[debug] [2023-11-20T17:56:47.080Z] Platform:      linux
[debug] [2023-11-20T17:56:47.080Z] Node Version:  v20.9.0
[debug] [2023-11-20T17:56:47.080Z] Time:          Mon Nov 20 2023 12:56:47 GMT-0500 (Colombia Standard Time)
[debug] [2023-11-20T17:56:47.081Z] ----------------------------------------------------------------------
[debug] 
[debug] [2023-11-20T17:56:47.084Z] > command requires scopes: ["email","openid","https://www.googleapis.com/auth/cloudplatformprojects.readonly","https://www.googleapis.com/auth/firebase","https://www.googleapis.com/auth/cloud-platform"]
[debug] [2023-11-20T17:56:47.085Z] > authorizing via signed-in user (luhersento1997@gmail.com)
[info] 
     ######## #### ########  ######## ########     ###     ######  ########
     ##        ##  ##     ## ##       ##     ##  ##   ##  ##       ##
     ######    ##  ########  ######   ########  #########  ######  ######
     ##        ##  ##    ##  ##       ##     ## ##     ##       ## ##
     ##       #### ##     ## ######## ########  ##     ##  ######  ########

You're about to initialize a Firebase project in this directory:

  /home/lsendoya/dalas

[info] 
=== Project Setup
[info] 
[info] First, let's associate this project directory with a Firebase project.
[info] You can create multiple project aliases by running firebase use --add, 
[info] but for now we'll just set up a default project.
[info] 
[debug] [2023-11-20T17:57:33.791Z] >>> [apiv2][query] GET https://firebase.googleapis.com/v1beta1/projects pageSize=100
[debug] [2023-11-20T17:57:34.537Z] <<< [apiv2][status] GET https://firebase.googleapis.com/v1beta1/projects 200
[debug] [2023-11-20T17:57:34.537Z] <<< [apiv2][body] GET https://firebase.googleapis.com/v1beta1/projects [omitted]
[info] i  Using project dalas-kids (dalas-kids) 
[info] 
=== Database Setup
[info] i  database: ensuring required API firebasedatabase.googleapis.com is enabled... 
[debug] [2023-11-20T17:57:35.730Z] >>> [apiv2][query] GET https://serviceusage.googleapis.com/v1/projects/dalas-kids/services/firebasedatabase.googleapis.com [none]
[debug] [2023-11-20T17:57:35.730Z] >>> [apiv2][(partial)header] GET https://serviceusage.googleapis.com/v1/projects/dalas-kids/services/firebasedatabase.googleapis.com x-goog-quota-user=projects/dalas-kids
[debug] [2023-11-20T17:57:36.775Z] <<< [apiv2][status] GET https://serviceusage.googleapis.com/v1/projects/dalas-kids/services/firebasedatabase.googleapis.com 200
[debug] [2023-11-20T17:57:36.775Z] <<< [apiv2][body] GET https://serviceusage.googleapis.com/v1/projects/dalas-kids/services/firebasedatabase.googleapis.com [omitted]
[info] ✔  database: required API firebasedatabase.googleapis.com is enabled 
[info] 
[debug] [2023-11-20T17:57:36.777Z] >>> [apiv2][query] GET https://firebasedatabase.googleapis.com/v1beta/projects/dalas-kids/locations/-/instances/dalas-kids-default-rtdb [none]
[debug] [2023-11-20T17:57:37.790Z] <<< [apiv2][status] GET https://firebasedatabase.googleapis.com/v1beta/projects/dalas-kids/locations/-/instances/dalas-kids-default-rtdb 200
[debug] [2023-11-20T17:57:37.791Z] <<< [apiv2][body] GET https://firebasedatabase.googleapis.com/v1beta/projects/dalas-kids/locations/-/instances/dalas-kids-default-rtdb {"name":"projects/1016865697007/locations/us-central1/instances/dalas-kids-default-rtdb","project":"projects/1016865697007","databaseUrl":"https://dalas-kids-default-rtdb.firebaseio.com","type":"DEFAULT_DATABASE","state":"ACTIVE"}
[info] 
[info] Firebase Realtime Database Security Rules allow you to define how your data should be
[info] structured and when your data can be read from and written to.
[info] 
[info] Skipping overwrite of Realtime Database Security Rules.
[info] The security rules defined in database.rules.json will be published when you run firebase deploy.
[info] 
=== Firestore Setup
[debug] [2023-11-20T17:57:41.240Z] >>> [apiv2][query] GET https://serviceusage.googleapis.com/v1/projects/dalas-kids/services/firestore.googleapis.com [none]
[debug] [2023-11-20T17:57:41.240Z] >>> [apiv2][(partial)header] GET https://serviceusage.googleapis.com/v1/projects/dalas-kids/services/firestore.googleapis.com x-goog-quota-user=projects/dalas-kids
[debug] [2023-11-20T17:57:41.624Z] <<< [apiv2][status] GET https://serviceusage.googleapis.com/v1/projects/dalas-kids/services/firestore.googleapis.com 200
[debug] [2023-11-20T17:57:41.624Z] <<< [apiv2][body] GET https://serviceusage.googleapis.com/v1/projects/dalas-kids/services/firestore.googleapis.com [omitted]
[debug] [2023-11-20T17:57:41.625Z] >>> [apiv2][query] GET https://firestore.googleapis.com/v1/projects/dalas-kids/databases/(default) [none]
[debug] [2023-11-20T17:57:42.464Z] <<< [apiv2][status] GET https://firestore.googleapis.com/v1/projects/dalas-kids/databases/(default) 200
[debug] [2023-11-20T17:57:42.464Z] <<< [apiv2][body] GET https://firestore.googleapis.com/v1/projects/dalas-kids/databases/(default) {"name":"projects/dalas-kids/databases/(default)","uid":"c511aff0-aefe-41e8-a2f6-4aa3ed780324","createTime":"2023-11-20T17:29:19.106560Z","updateTime":"2023-11-20T17:29:19.106560Z","locationId":"nam5","type":"FIRESTORE_NATIVE","concurrencyMode":"PESSIMISTIC","versionRetentionPeriod":"3600s","earliestVersionTime":"2023-11-20T17:29:19.106560Z","appEngineIntegrationMode":"DISABLED","keyPrefix":"s","pointInTimeRecoveryEnablement":"POINT_IN_TIME_RECOVERY_DISABLED","deleteProtectionState":"DELETE_PROTECTION_DISABLED","etag":"IO7U98aT04IDMLK6nbSN04ID"}
[debug] [2023-11-20T17:57:42.464Z] database_type: FIRESTORE_NATIVE
[debug] [2023-11-20T17:57:42.464Z] > command requires scopes: ["email","openid","https://www.googleapis.com/auth/cloudplatformprojects.readonly","https://www.googleapis.com/auth/firebase","https://www.googleapis.com/auth/cloud-platform"]
[debug] [2023-11-20T17:57:42.465Z] > authorizing via signed-in user (luhersento1997@gmail.com)
[debug] [2023-11-20T17:57:42.465Z] [iam] checking project dalas-kids for permissions ["firebase.projects.get"]
[debug] [2023-11-20T17:57:42.465Z] >>> [apiv2][query] POST https://cloudresourcemanager.googleapis.com/v1/projects/dalas-kids:testIamPermissions [none]
[debug] [2023-11-20T17:57:42.465Z] >>> [apiv2][(partial)header] POST https://cloudresourcemanager.googleapis.com/v1/projects/dalas-kids:testIamPermissions x-goog-quota-user=projects/dalas-kids
[debug] [2023-11-20T17:57:42.465Z] >>> [apiv2][body] POST https://cloudresourcemanager.googleapis.com/v1/projects/dalas-kids:testIamPermissions {"permissions":["firebase.projects.get"]}
[debug] [2023-11-20T17:57:43.232Z] <<< [apiv2][status] POST https://cloudresourcemanager.googleapis.com/v1/projects/dalas-kids:testIamPermissions 200
[debug] [2023-11-20T17:57:43.232Z] <<< [apiv2][body] POST https://cloudresourcemanager.googleapis.com/v1/projects/dalas-kids:testIamPermissions {"permissions":["firebase.projects.get"]}
[info] 
[info] Firestore Security Rules allow you to define how and when to allow
[info] requests. You can keep these rules in your project directory
[info] and publish them with firebase deploy.
[info] 
[info] 
[info] Firestore indexes allow you to perform complex queries while
[info] maintaining performance that scales with the size of the result
[info] set. You can keep index definitions in your project directory
[info] and publish them with firebase deploy.
[info] 
[info] 
=== Functions Setup
[debug] [2023-11-20T17:57:49.486Z] > command requires scopes: ["email","openid","https://www.googleapis.com/auth/cloudplatformprojects.readonly","https://www.googleapis.com/auth/firebase","https://www.googleapis.com/auth/cloud-platform"]
[debug] [2023-11-20T17:57:49.486Z] > authorizing via signed-in user (luhersento1997@gmail.com)
[debug] [2023-11-20T17:57:49.486Z] [iam] checking project dalas-kids for permissions ["firebase.projects.get"]
[debug] [2023-11-20T17:57:49.487Z] >>> [apiv2][query] POST https://cloudresourcemanager.googleapis.com/v1/projects/dalas-kids:testIamPermissions [none]
[debug] [2023-11-20T17:57:49.487Z] >>> [apiv2][(partial)header] POST https://cloudresourcemanager.googleapis.com/v1/projects/dalas-kids:testIamPermissions x-goog-quota-user=projects/dalas-kids
[debug] [2023-11-20T17:57:49.487Z] >>> [apiv2][body] POST https://cloudresourcemanager.googleapis.com/v1/projects/dalas-kids:testIamPermissions {"permissions":["firebase.projects.get"]}
[debug] [2023-11-20T17:57:50.137Z] <<< [apiv2][status] POST https://cloudresourcemanager.googleapis.com/v1/projects/dalas-kids:testIamPermissions 200
[debug] [2023-11-20T17:57:50.137Z] <<< [apiv2][body] POST https://cloudresourcemanager.googleapis.com/v1/projects/dalas-kids:testIamPermissions {"permissions":["firebase.projects.get"]}
[debug] [2023-11-20T17:57:50.137Z] >>> [apiv2][query] GET https://serviceusage.googleapis.com/v1/projects/dalas-kids/services/cloudfunctions.googleapis.com [none]
[debug] [2023-11-20T17:57:50.138Z] >>> [apiv2][(partial)header] GET https://serviceusage.googleapis.com/v1/projects/dalas-kids/services/cloudfunctions.googleapis.com x-goog-quota-user=projects/dalas-kids
[debug] [2023-11-20T17:57:50.140Z] >>> [apiv2][query] GET https://serviceusage.googleapis.com/v1/projects/dalas-kids/services/runtimeconfig.googleapis.com [none]
[debug] [2023-11-20T17:57:50.140Z] >>> [apiv2][(partial)header] GET https://serviceusage.googleapis.com/v1/projects/dalas-kids/services/runtimeconfig.googleapis.com x-goog-quota-user=projects/dalas-kids
[debug] [2023-11-20T17:57:51.003Z] <<< [apiv2][status] GET https://serviceusage.googleapis.com/v1/projects/dalas-kids/services/runtimeconfig.googleapis.com 200
[debug] [2023-11-20T17:57:51.004Z] <<< [apiv2][body] GET https://serviceusage.googleapis.com/v1/projects/dalas-kids/services/runtimeconfig.googleapis.com [omitted]
[debug] [2023-11-20T17:57:51.019Z] <<< [apiv2][status] GET https://serviceusage.googleapis.com/v1/projects/dalas-kids/services/cloudfunctions.googleapis.com 200
[debug] [2023-11-20T17:57:51.019Z] <<< [apiv2][body] GET https://serviceusage.googleapis.com/v1/projects/dalas-kids/services/cloudfunctions.googleapis.com [omitted]
[info] 
Detected existing codebase(s): default

[info] Let's create a new codebase for your functions.
[info] A directory corresponding to the codebase will be created in your project
[info] with sample code pre-configured.

[info] See https://firebase.google.com/docs/functions/organize-functions for
[info] more information on organizing your functions using codebases.

[info] Functions can be deployed with firebase deploy.

[info] i  Skipping write of dalas-function/package.json 
[info] i  Skipping write of dalas-function/.eslintrc.js 
[info] i  Skipping write of dalas-function/tsconfig.json 
[info] i  Skipping write of dalas-function/tsconfig.dev.json 
[info] i  Skipping write of dalas-function/src/index.ts 
[info] i  Skipping write of dalas-function/.gitignore 
[info] 
=== Hosting Setup
[debug] [2023-11-20T17:58:24.189Z] >>> [apiv2][query] GET https://firebase.googleapis.com/v1beta1/projects/dalas-kids [none]
[debug] [2023-11-20T17:58:24.694Z] <<< [apiv2][status] GET https://firebase.googleapis.com/v1beta1/projects/dalas-kids 200
[debug] [2023-11-20T17:58:24.694Z] <<< [apiv2][body] GET https://firebase.googleapis.com/v1beta1/projects/dalas-kids {"projectId":"dalas-kids","projectNumber":"1016865697007","displayName":"dalas-kids","name":"projects/dalas-kids","resources":{"hostingSite":"dalas-kids","realtimeDatabaseInstance":"dalas-kids-default-rtdb","storageBucket":"dalas-kids.appspot.com","locationId":"us-central"},"state":"ACTIVE","etag":"1_e714eee1-4a98-4d10-ae87-e65937249d09"}
[info] 
[info] Your public directory is the folder (relative to your project directory) that
[info] will contain Hosting assets to be uploaded with firebase deploy. If you
[info] have a build process for your assets, use your build's output directory.
[info] 
[info] ✔  Wrote public/404.html 
[debug] [2023-11-20T17:58:38.663Z] >>> [apiv2][query] GET https://www.gstatic.com/firebasejs/releases.json [none]
[debug] [2023-11-20T17:58:38.968Z] <<< [apiv2][status] GET https://www.gstatic.com/firebasejs/releases.json 200
[debug] [2023-11-20T17:58:38.968Z] <<< [apiv2][body] GET https://www.gstatic.com/firebasejs/releases.json {"current":{"version":"10.6.0","browserURL":"https://www.gstatic.com/firebasejs/10.6.0/firebase.js","packageURL":"https://www.gstatic.com/firebasejs/10.6.0/firebase.tgz"},"live":{"version":"10.6","browserURL":"https://www.gstatic.com/firebasejs/live/10.6/firebase.js","packageURL":"https://www.gstatic.com/firebasejs/live/10.6/firebase.tgz"},"components":{"analytics":"https://www.gstatic.com/firebasejs/10.6.0/firebase-analytics.js","app":"https://www.gstatic.com/firebasejs/10.6.0/firebase-app.js","app-check":"https://www.gstatic.com/firebasejs/10.6.0/firebase-app-check.js","auth":"https://www.gstatic.com/firebasejs/10.6.0/firebase-auth.js","auth/cordova":"https://www.gstatic.com/firebasejs/10.6.0/firebase-auth/cordova.js","functions":"https://www.gstatic.com/firebasejs/10.6.0/firebase-functions.js","firestore":"https://www.gstatic.com/firebasejs/10.6.0/firebase-firestore.js","firestore/lite":"https://www.gstatic.com/firebasejs/10.6.0/firebase-firestore/lite.js","installations":"https://www.gstatic.com/firebasejs/10.6.0/firebase-installations.js","storage":"https://www.gstatic.com/firebasejs/10.6.0/firebase-storage.js","performance":"https://www.gstatic.com/firebasejs/10.6.0/firebase-performance.js","remote-config":"https://www.gstatic.com/firebasejs/10.6.0/firebase-remote-config.js","messaging":"https://www.gstatic.com/firebasejs/10.6.0/firebase-messaging.js","messaging/sw":"https://www.gstatic.com/firebasejs/10.6.0/firebase-messaging/sw.js","database":"https://www.gstatic.com/firebasejs/10.6.0/firebase-database.js","firestore.memory":"https://www.gstatic.com/firebasejs/10.6.0/firebase-firestore.memory.js"}}
[info] i  Skipping write of public/index.html 
[info] 
=== Storage Setup
[info] 
[info] Firebase Storage Security Rules allow you to define how and when to allow
[info] uploads and downloads. You can keep these rules in your project directory
[info] and publish them with firebase deploy.
[info] 
[info] ✔  Wrote storage.rules 
[info] 
=== Emulators Setup
[info] i  firestore: downloading cloud-firestore-emulator-v1.18.2.jar... {"metadata":{"emulator":{"name":"firestore"},"message":"downloading cloud-firestore-emulator-v1.18.2.jar..."}}
[debug] [2023-11-20T17:59:40.833Z] >>> [apiv2][query] GET https://storage.googleapis.com/firebase-preview-drop/emulator/cloud-firestore-emulator-v1.18.2.jar 
[debug] [2023-11-20T17:59:41.425Z] <<< [apiv2][status] GET https://storage.googleapis.com/firebase-preview-drop/emulator/cloud-firestore-emulator-v1.18.2.jar 200
[debug] [2023-11-20T17:59:41.425Z] <<< [apiv2][body] GET https://storage.googleapis.com/firebase-preview-drop/emulator/cloud-firestore-emulator-v1.18.2.jar [stream]
[info] i  database: downloading firebase-database-emulator-v4.11.2.jar... {"metadata":{"emulator":{"name":"database"},"message":"downloading firebase-database-emulator-v4.11.2.jar..."}}
[debug] [2023-11-20T18:00:38.884Z] >>> [apiv2][query] GET https://storage.googleapis.com/firebase-preview-drop/emulator/firebase-database-emulator-v4.11.2.jar 
[debug] [2023-11-20T18:00:39.155Z] <<< [apiv2][status] GET https://storage.googleapis.com/firebase-preview-drop/emulator/firebase-database-emulator-v4.11.2.jar 200
[debug] [2023-11-20T18:00:39.155Z] <<< [apiv2][body] GET https://storage.googleapis.com/firebase-preview-drop/emulator/firebase-database-emulator-v4.11.2.jar [stream]
[info] i  pubsub: downloading pubsub-emulator-0.7.1.zip... {"metadata":{"emulator":{"name":"pubsub"},"message":"downloading pubsub-emulator-0.7.1.zip..."}}
[debug] [2023-11-20T18:01:15.448Z] >>> [apiv2][query] GET https://storage.googleapis.com/firebase-preview-drop/emulator/pubsub-emulator-0.7.1.zip 
[debug] [2023-11-20T18:01:15.688Z] <<< [apiv2][status] GET https://storage.googleapis.com/firebase-preview-drop/emulator/pubsub-emulator-0.7.1.zip 200
[debug] [2023-11-20T18:01:15.689Z] <<< [apiv2][body] GET https://storage.googleapis.com/firebase-preview-drop/emulator/pubsub-emulator-0.7.1.zip [stream]
[debug] [2023-11-20T18:02:55.854Z] Data is 65137179
[debug] [2023-11-20T18:02:55.855Z] [unzip] Entry: pubsub-emulator/ (compressed_size=0 bytes, uncompressed_size=0 bytes)
[debug] [2023-11-20T18:02:55.855Z] [unzip] Processing entry: pubsub-emulator/
[debug] [2023-11-20T18:02:55.856Z] [unzip] mkdir: /home/lsendoya/.cache/firebase/emulators/pubsub-emulator-0.7.1/pubsub-emulator/
[debug] [2023-11-20T18:02:55.859Z] [unzip] Entry: pubsub-emulator/lib/ (compressed_size=0 bytes, uncompressed_size=0 bytes)
[debug] [2023-11-20T18:02:55.860Z] [unzip] Processing entry: pubsub-emulator/lib/
[debug] [2023-11-20T18:02:55.860Z] [unzip] mkdir: /home/lsendoya/.cache/firebase/emulators/pubsub-emulator-0.7.1/pubsub-emulator/lib/
[debug] [2023-11-20T18:02:55.861Z] [unzip] Entry: pubsub-emulator/lib/cloud-pubsub-emulator-0.7.1.jar (compressed_size=65133164 bytes, uncompressed_size=70597065 bytes)
[debug] [2023-11-20T18:02:55.862Z] [unzip] Processing entry: pubsub-emulator/lib/cloud-pubsub-emulator-0.7.1.jar
[debug] [2023-11-20T18:02:55.862Z] [unzip] else mkdir: /home/lsendoya/.cache/firebase/emulators/pubsub-emulator-0.7.1/pubsub-emulator/lib
[debug] [2023-11-20T18:02:55.862Z] [unzip] deflating: /home/lsendoya/.cache/firebase/emulators/pubsub-emulator-0.7.1/pubsub-emulator/lib/cloud-pubsub-emulator-0.7.1.jar
[debug] [2023-11-20T18:02:58.201Z] [unzip] Entry: pubsub-emulator/bin/ (compressed_size=0 bytes, uncompressed_size=0 bytes)
[debug] [2023-11-20T18:02:58.201Z] [unzip] Processing entry: pubsub-emulator/bin/
[debug] [2023-11-20T18:02:58.201Z] [unzip] mkdir: /home/lsendoya/.cache/firebase/emulators/pubsub-emulator-0.7.1/pubsub-emulator/bin/
[debug] [2023-11-20T18:02:58.202Z] [unzip] Entry: pubsub-emulator/bin/cloud-pubsub-emulator.bat (compressed_size=885 bytes, uncompressed_size=2271 bytes)
[debug] [2023-11-20T18:02:58.202Z] [unzip] Processing entry: pubsub-emulator/bin/cloud-pubsub-emulator.bat
[debug] [2023-11-20T18:02:58.202Z] [unzip] else mkdir: /home/lsendoya/.cache/firebase/emulators/pubsub-emulator-0.7.1/pubsub-emulator/bin
[debug] [2023-11-20T18:02:58.203Z] [unzip] deflating: /home/lsendoya/.cache/firebase/emulators/pubsub-emulator-0.7.1/pubsub-emulator/bin/cloud-pubsub-emulator.bat
[debug] [2023-11-20T18:02:58.206Z] [unzip] Entry: pubsub-emulator/bin/cloud-pubsub-emulator (compressed_size=1954 bytes, uncompressed_size=5142 bytes)
[debug] [2023-11-20T18:02:58.206Z] [unzip] Processing entry: pubsub-emulator/bin/cloud-pubsub-emulator
[debug] [2023-11-20T18:02:58.206Z] [unzip] else mkdir: /home/lsendoya/.cache/firebase/emulators/pubsub-emulator-0.7.1/pubsub-emulator/bin
[debug] [2023-11-20T18:02:58.206Z] [unzip] deflating: /home/lsendoya/.cache/firebase/emulators/pubsub-emulator-0.7.1/pubsub-emulator/bin/cloud-pubsub-emulator
[info] i  storage: downloading cloud-storage-rules-runtime-v1.1.3.jar... {"metadata":{"emulator":{"name":"storage"},"message":"downloading cloud-storage-rules-runtime-v1.1.3.jar..."}}
[debug] [2023-11-20T18:02:58.213Z] >>> [apiv2][query] GET https://storage.googleapis.com/firebase-preview-drop/emulator/cloud-storage-rules-runtime-v1.1.3.jar 
[debug] [2023-11-20T18:02:58.453Z] <<< [apiv2][status] GET https://storage.googleapis.com/firebase-preview-drop/emulator/cloud-storage-rules-runtime-v1.1.3.jar 200
[debug] [2023-11-20T18:02:58.453Z] <<< [apiv2][body] GET https://storage.googleapis.com/firebase-preview-drop/emulator/cloud-storage-rules-runtime-v1.1.3.jar [stream]
[info] 
=== Remoteconfig Setup
[info] 
=== Extensions Setup
[debug] [2023-11-20T18:05:45.569Z] > command requires scopes: ["email","openid","https://www.googleapis.com/auth/cloudplatformprojects.readonly","https://www.googleapis.com/auth/firebase","https://www.googleapis.com/auth/cloud-platform"]
[debug] [2023-11-20T18:05:45.570Z] > authorizing via signed-in user (luhersento1997@gmail.com)
[debug] [2023-11-20T18:05:45.570Z] [iam] checking project dalas-kids for permissions ["firebase.projects.get"]
[debug] [2023-11-20T18:05:45.572Z] >>> [apiv2][query] POST https://cloudresourcemanager.googleapis.com/v1/projects/dalas-kids:testIamPermissions [none]
[debug] [2023-11-20T18:05:45.572Z] >>> [apiv2][(partial)header] POST https://cloudresourcemanager.googleapis.com/v1/projects/dalas-kids:testIamPermissions x-goog-quota-user=projects/dalas-kids
[debug] [2023-11-20T18:05:45.572Z] >>> [apiv2][body] POST https://cloudresourcemanager.googleapis.com/v1/projects/dalas-kids:testIamPermissions {"permissions":["firebase.projects.get"]}
[debug] [2023-11-20T18:05:46.403Z] <<< [apiv2][status] POST https://cloudresourcemanager.googleapis.com/v1/projects/dalas-kids:testIamPermissions 200
[debug] [2023-11-20T18:05:46.403Z] <<< [apiv2][body] POST https://cloudresourcemanager.googleapis.com/v1/projects/dalas-kids:testIamPermissions {"permissions":["firebase.projects.get"]}
[debug] [2023-11-20T18:05:46.404Z] > refreshing access token with scopes: []
[debug] [2023-11-20T18:05:46.407Z] >>> [apiv2][query] POST https://www.googleapis.com/oauth2/v3/token [none]
[debug] [2023-11-20T18:05:46.407Z] >>> [apiv2][body] POST https://www.googleapis.com/oauth2/v3/token [omitted]
[debug] [2023-11-20T18:05:46.790Z] <<< [apiv2][status] POST https://www.googleapis.com/oauth2/v3/token 200
[debug] [2023-11-20T18:05:46.790Z] <<< [apiv2][body] POST https://www.googleapis.com/oauth2/v3/token [omitted]
[debug] [2023-11-20T18:05:46.820Z] >>> [apiv2][query] GET https://serviceusage.googleapis.com/v1/projects/dalas-kids/services/firebaseextensions.googleapis.com [none]
[debug] [2023-11-20T18:05:46.820Z] >>> [apiv2][(partial)header] GET https://serviceusage.googleapis.com/v1/projects/dalas-kids/services/firebaseextensions.googleapis.com x-goog-quota-user=projects/dalas-kids
[debug] [2023-11-20T18:05:47.843Z] <<< [apiv2][status] GET https://serviceusage.googleapis.com/v1/projects/dalas-kids/services/firebaseextensions.googleapis.com 200
[debug] [2023-11-20T18:05:47.844Z] <<< [apiv2][body] GET https://serviceusage.googleapis.com/v1/projects/dalas-kids/services/firebaseextensions.googleapis.com [omitted]
[debug] [2023-11-20T18:05:47.844Z] >>> [apiv2][query] POST https://serviceusage.googleapis.com/v1/projects/dalas-kids/services/firebaseextensions.googleapis.com:enable [none]
[debug] [2023-11-20T18:05:47.845Z] >>> [apiv2][(partial)header] POST https://serviceusage.googleapis.com/v1/projects/dalas-kids/services/firebaseextensions.googleapis.com:enable x-goog-quota-user=projects/dalas-kids
[debug] [2023-11-20T18:05:49.361Z] <<< [apiv2][status] POST https://serviceusage.googleapis.com/v1/projects/dalas-kids/services/firebaseextensions.googleapis.com:enable 200
[debug] [2023-11-20T18:05:49.361Z] <<< [apiv2][body] POST https://serviceusage.googleapis.com/v1/projects/dalas-kids/services/firebaseextensions.googleapis.com:enable [omitted]
[debug] [2023-11-20T18:05:59.367Z] >>> [apiv2][query] GET https://serviceusage.googleapis.com/v1/projects/dalas-kids/services/firebaseextensions.googleapis.com [none]
[debug] [2023-11-20T18:05:59.368Z] >>> [apiv2][(partial)header] GET https://serviceusage.googleapis.com/v1/projects/dalas-kids/services/firebaseextensions.googleapis.com x-goog-quota-user=projects/dalas-kids
[debug] [2023-11-20T18:06:00.369Z] <<< [apiv2][status] GET https://serviceusage.googleapis.com/v1/projects/dalas-kids/services/firebaseextensions.googleapis.com 200
[debug] [2023-11-20T18:06:00.369Z] <<< [apiv2][body] GET https://serviceusage.googleapis.com/v1/projects/dalas-kids/services/firebaseextensions.googleapis.com [omitted]
[info] 
=== Internalframeworks Setup
[info] i  First we need a few details to create your service. 
[info] ✔  Region set to us-central1. 
[info] 
=== Deploy Setup
